[19-Mar-2026 16:03:16 UTC] PHP Warning:  Undefined array key "host" in /workspaces/Assignment1/.wordpress/wp-includes/pluggable.php on line 1721
[19-Mar-2026 16:38:53 UTC] PHP Fatal error:  Out of memory (allocated 31457280 bytes) (tried to allocate 28672 bytes) in /workspaces/Assignment1/.wordpress/wp-admin/includes/privacy-tools.php on line 444
[19-Mar-2026 16:39:03 UTC] PHP Fatal error:  Out of memory (allocated 31457280 bytes) (tried to allocate 28672 bytes) in /workspaces/Assignment1/.wordpress/wp-admin/includes/privacy-tools.php on line 444
[19-Mar-2026 16:39:13 UTC] PHP Fatal error:  Out of memory (allocated 31457280 bytes) (tried to allocate 28672 bytes) in /workspaces/Assignment1/.wordpress/wp-admin/includes/privacy-tools.php on line 444
[19-Mar-2026 16:39:23 UTC] PHP Fatal error:  Out of memory (allocated 31457280 bytes) (tried to allocate 28672 bytes) in /workspaces/Assignment1/.wordpress/wp-admin/includes/privacy-tools.php on line 444
[19-Mar-2026 16:39:31 UTC] PHP Fatal error:  Out of memory (allocated 31457280 bytes) (tried to allocate 8192 bytes) in /workspaces/Assignment1/.wordpress/wp-admin/includes/post.php on line 2172
[19-Mar-2026 16:39:33 UTC] PHP Fatal error:  Out of memory (allocated 31457280 bytes) (tried to allocate 28672 bytes) in /workspaces/Assignment1/.wordpress/wp-admin/includes/privacy-tools.php on line 444
[19-Mar-2026 16:39:43 UTC] PHP Fatal error:  Out of memory (allocated 31457280 bytes) (tried to allocate 28672 bytes) in /workspaces/Assignment1/.wordpress/wp-admin/includes/privacy-tools.php on line 444
[19-Mar-2026 16:39:53 UTC] PHP Fatal error:  Out of memory (allocated 31457280 bytes) (tried to allocate 28672 bytes) in /workspaces/Assignment1/.wordpress/wp-admin/includes/privacy-tools.php on line 444
[19-Mar-2026 16:39:53 UTC] PHP Fatal error:  Out of memory (allocated 31457280 bytes) (tried to allocate 32768 bytes) in /workspaces/Assignment1/.wordpress/wp-admin/includes/file.php on line 1953
[19-Mar-2026 16:40:04 UTC] PHP Fatal error:  Out of memory (allocated 31457280 bytes) (tried to allocate 28672 bytes) in /workspaces/Assignment1/.wordpress/wp-admin/includes/privacy-tools.php on line 444
[19-Mar-2026 16:40:32 UTC] PHP Fatal error:  Out of memory (allocated 31457280 bytes) (tried to allocate 8192 bytes) in /workspaces/Assignment1/.wordpress/wp-admin/includes/post.php on line 2172
[19-Mar-2026 16:42:05 UTC] PHP Fatal error:  Out of memory (allocated 31457280 bytes) (tried to allocate 28672 bytes) in /workspaces/Assignment1/.wordpress/wp-admin/includes/privacy-tools.php on line 444
[19-Mar-2026 16:44:06 UTC] PHP Fatal error:  Out of memory (allocated 31457280 bytes) (tried to allocate 28672 bytes) in /workspaces/Assignment1/.wordpress/wp-admin/includes/privacy-tools.php on line 444
[19-Mar-2026 16:45:30 UTC] PHP Fatal error:  Out of memory (allocated 31457280 bytes) (tried to allocate 28672 bytes) in /workspaces/Assignment1/.wordpress/wp-admin/includes/privacy-tools.php on line 444
[19-Mar-2026 16:45:43 UTC] PHP Fatal error:  Out of memory (allocated 31457280 bytes) (tried to allocate 28672 bytes) in /workspaces/Assignment1/.wordpress/wp-admin/includes/privacy-tools.php on line 444
[19-Mar-2026 16:46:14 UTC] PHP Fatal error:  Out of memory (allocated 31457280 bytes) (tried to allocate 28672 bytes) in /workspaces/Assignment1/.wordpress/wp-admin/includes/privacy-tools.php on line 444
[19-Mar-2026 16:46:25 UTC] PHP Fatal error:  Out of memory (allocated 31457280 bytes) (tried to allocate 28672 bytes) in /workspaces/Assignment1/.wordpress/wp-admin/includes/privacy-tools.php on line 444
[19-Mar-2026 16:47:14 UTC] PHP Fatal error:  Out of memory (allocated 31457280 bytes) (tried to allocate 28672 bytes) in /workspaces/Assignment1/.wordpress/wp-admin/includes/privacy-tools.php on line 444
[19-Mar-2026 16:47:24 UTC] PHP Fatal error:  Out of memory (allocated 31457280 bytes) (tried to allocate 28672 bytes) in /workspaces/Assignment1/.wordpress/wp-admin/includes/privacy-tools.php on line 444
[19-Mar-2026 16:47:27 UTC] PHP Fatal error:  Out of memory (allocated 31457280 bytes) (tried to allocate 32768 bytes) in /workspaces/Assignment1/.wordpress/wp-admin/includes/post.php on line 2552
[19-Mar-2026 16:47:31 UTC] PHP Fatal error:  Out of memory (allocated 31457280 bytes) (tried to allocate 32768 bytes) in /workspaces/Assignment1/.wordpress/wp-admin/includes/post.php on line 2552
[19-Mar-2026 16:47:31 UTC] PHP Fatal error:  Out of memory (allocated 31457280 bytes) (tried to allocate 32768 bytes) in /workspaces/Assignment1/.wordpress/wp-includes/plugin.php on line 177
[19-Mar-2026 16:47:34 UTC] PHP Fatal error:  Out of memory (allocated 31457280 bytes) (tried to allocate 8192 bytes) in /workspaces/Assignment1/.wordpress/wp-admin/includes/privacy-tools.php on line 968
[19-Mar-2026 16:47:34 UTC] PHP Fatal error:  Out of memory (allocated 31457280 bytes) (tried to allocate 8192 bytes) in /workspaces/Assignment1/.wordpress/wp-includes/functions.php on line 655
[19-Mar-2026 16:47:36 UTC] PHP Fatal error:  Out of memory (allocated 31457280 bytes) (tried to allocate 8192 bytes) in /workspaces/Assignment1/.wordpress/wp-admin/includes/post.php on line 2355
[19-Mar-2026 16:47:47 UTC] PHP Fatal error:  Out of memory (allocated 31457280 bytes) (tried to allocate 8192 bytes) in /workspaces/Assignment1/.wordpress/wp-admin/includes/privacy-tools.php on line 968
[19-Mar-2026 16:47:47 UTC] PHP Fatal error:  Out of memory (allocated 31457280 bytes) (tried to allocate 8192 bytes) in /workspaces/Assignment1/.wordpress/wp-includes/functions.php on line 655
[19-Mar-2026 16:48:52 UTC] PHP Fatal error:  Out of memory (allocated 31457280 bytes) (tried to allocate 8192 bytes) in /workspaces/Assignment1/.wordpress/wp-admin/includes/privacy-tools.php on line 968
[19-Mar-2026 16:48:52 UTC] PHP Fatal error:  Out of memory (allocated 31457280 bytes) (tried to allocate 8192 bytes) in /workspaces/Assignment1/.wordpress/wp-includes/functions.php on line 655
[19-Mar-2026 16:48:56 UTC] PHP Fatal error:  Out of memory (allocated 31457280 bytes) (tried to allocate 32768 bytes) in /workspaces/Assignment1/.wordpress/wp-admin/includes/user.php on line 416
[19-Mar-2026 16:49:02 UTC] PHP Fatal error:  Out of memory (allocated 31457280 bytes) (tried to allocate 65536 bytes) in Unknown on line 0
